<?xml version="1.0" encoding="UTF-8"?>
<!-- Generated by org.testng.reporters.JUnitReportReporter -->
<testsuite skipped="0" hostname="N-5CG6440831" name="testNG.SuiteExample" tests="2" failures="0" timestamp="2020-07-22T12:15:31 IST" time="17.190" errors="0">
  <testcase name="openGoogle" time="4.332" classname="testNG.SuiteExample"/>
  <system-out/>
  <testcase name="openYahoo" time="12.858" classname="testNG.SuiteExample"/>
  <system-out/>
</testsuite> <!-- testNG.SuiteExample -->
