<?xml version="1.0" encoding="UTF-8"?>
<!-- Generated by org.testng.reporters.JUnitReportReporter -->
<testsuite skipped="0" hostname="N-5CG6440831" name="testNG.SampleTestCase" tests="1" failures="0" timestamp="2020-07-22T14:16:42 IST" time="0.014" errors="0">
  <testcase name="firstCase" time="0.014" classname="testNG.SampleTestCase"/>
  <system-out/>
</testsuite> <!-- testNG.SampleTestCase -->
