<?xml version="1.0" encoding="UTF-8"?>
<!-- Generated by org.testng.reporters.JUnitReportReporter -->
<testsuite skipped="0" hostname="N-5CG6440831" name="testNG.ParameterExample" tests="1" failures="0" timestamp="2020-07-22T13:16:47 IST" time="0.017" errors="0">
  <testcase name="printName" time="0.017" classname="testNG.ParameterExample"/>
  <system-out/>
</testsuite> <!-- testNG.ParameterExample -->
